2024-03-12 18:22:55,159 CRIT Supervisor is running as root.  Privileges were not dropped because no user is specified in the config file.  If you intend to run as root, you can set user=root in the config file to avoid this message.
2024-03-12 18:22:55,160 WARN No file matches via include "/etc/supervisor/conf.d/*.conf"
2024-03-12 18:22:55,166 INFO RPC interface 'supervisor' initialized
2024-03-12 18:22:55,166 CRIT Server 'inet_http_server' running without any HTTP authentication checking
2024-03-12 18:22:55,169 INFO supervisord started with pid 1
2024-03-12 18:27:20,641 WARN received SIGQUIT indicating exit request
2024-03-13 12:30:07,933 CRIT Supervisor is running as root.  Privileges were not dropped because no user is specified in the config file.  If you intend to run as root, you can set user=root in the config file to avoid this message.
2024-03-13 12:30:07,933 WARN No file matches via include "/etc/supervisor/conf.d/*.conf"
2024-03-13 12:30:07,938 INFO RPC interface 'supervisor' initialized
2024-03-13 12:30:07,938 CRIT Server 'inet_http_server' running without any HTTP authentication checking
2024-03-13 12:30:07,941 INFO supervisord started with pid 1
2024-03-13 12:50:09,307 WARN received SIGQUIT indicating exit request
2024-03-13 12:50:43,749 CRIT Supervisor is running as root.  Privileges were not dropped because no user is specified in the config file.  If you intend to run as root, you can set user=root in the config file to avoid this message.
2024-03-13 12:50:43,749 WARN No file matches via include "/etc/supervisor/conf.d/*.conf"
2024-03-13 12:50:43,753 INFO RPC interface 'supervisor' initialized
2024-03-13 12:50:43,753 CRIT Server 'inet_http_server' running without any HTTP authentication checking
2024-03-13 12:50:43,755 INFO supervisord started with pid 1
2024-03-13 12:56:49,170 WARN received SIGQUIT indicating exit request
2024-03-13 12:57:23,972 CRIT Supervisor is running as root.  Privileges were not dropped because no user is specified in the config file.  If you intend to run as root, you can set user=root in the config file to avoid this message.
2024-03-13 12:57:23,972 WARN No file matches via include "/etc/supervisor/conf.d/*.conf"
2024-03-13 12:57:23,977 INFO RPC interface 'supervisor' initialized
2024-03-13 12:57:23,977 CRIT Server 'inet_http_server' running without any HTTP authentication checking
2024-03-13 12:57:23,979 INFO supervisord started with pid 1
2024-03-13 14:20:31,787 WARN received SIGQUIT indicating exit request
2024-03-13 14:22:27,975 CRIT Supervisor is running as root.  Privileges were not dropped because no user is specified in the config file.  If you intend to run as root, you can set user=root in the config file to avoid this message.
2024-03-13 14:22:27,975 WARN No file matches via include "/etc/supervisor/conf.d/*.conf"
2024-03-13 14:22:27,983 INFO RPC interface 'supervisor' initialized
2024-03-13 14:22:27,983 CRIT Server 'inet_http_server' running without any HTTP authentication checking
2024-03-13 14:22:27,985 INFO supervisord started with pid 1
2024-03-13 14:24:15,100 WARN received SIGQUIT indicating exit request
2024-03-13 14:24:16,092 CRIT Supervisor is running as root.  Privileges were not dropped because no user is specified in the config file.  If you intend to run as root, you can set user=root in the config file to avoid this message.
2024-03-13 14:24:16,092 INFO Included extra file "/etc/supervisor/conf.d/php-worker.conf" during parsing
2024-03-13 14:24:16,097 INFO RPC interface 'supervisor' initialized
2024-03-13 14:24:16,097 CRIT Server 'inet_http_server' running without any HTTP authentication checking
2024-03-13 14:24:16,099 INFO supervisord started with pid 1
2024-03-13 14:24:17,102 INFO spawned: 'php-worker_00' with pid 7
2024-03-13 14:24:17,152 WARN exited: php-worker_00 (exit status 255; not expected)
2024-03-13 14:24:18,158 INFO spawned: 'php-worker_00' with pid 8
2024-03-13 14:24:18,205 WARN exited: php-worker_00 (exit status 255; not expected)
2024-03-13 14:24:20,212 INFO spawned: 'php-worker_00' with pid 9
2024-03-13 14:24:20,322 WARN exited: php-worker_00 (exit status 255; not expected)
2024-03-13 14:24:23,327 INFO spawned: 'php-worker_00' with pid 10
2024-03-13 14:24:23,360 WARN exited: php-worker_00 (exit status 255; not expected)
2024-03-13 14:24:24,362 INFO gave up: php-worker_00 entered FATAL state, too many start retries too quickly
2024-03-13 14:24:26,366 WARN received SIGQUIT indicating exit request
2024-03-13 14:25:45,473 CRIT Supervisor is running as root.  Privileges were not dropped because no user is specified in the config file.  If you intend to run as root, you can set user=root in the config file to avoid this message.
2024-03-13 14:25:45,473 WARN No file matches via include "/etc/supervisor/conf.d/*.conf"
2024-03-13 14:25:45,478 INFO RPC interface 'supervisor' initialized
2024-03-13 14:25:45,479 CRIT Server 'inet_http_server' running without any HTTP authentication checking
2024-03-13 14:25:45,480 INFO supervisord started with pid 1
2024-03-13 14:32:00,913 WARN received SIGQUIT indicating exit request
2024-03-13 14:35:31,459 CRIT Supervisor is running as root.  Privileges were not dropped because no user is specified in the config file.  If you intend to run as root, you can set user=root in the config file to avoid this message.
2024-03-13 14:35:31,459 INFO Included extra file "/etc/supervisor/conf.d/php-worker.conf" during parsing
2024-03-13 14:35:31,464 INFO RPC interface 'supervisor' initialized
2024-03-13 14:35:31,464 CRIT Server 'inet_http_server' running without any HTTP authentication checking
2024-03-13 14:35:31,466 INFO supervisord started with pid 1
2024-03-13 14:35:32,469 INFO spawned: 'php-worker_00' with pid 7
2024-03-13 14:35:32,495 WARN exited: php-worker_00 (exit status 255; not expected)
2024-03-13 14:35:33,498 INFO spawned: 'php-worker_00' with pid 8
2024-03-13 14:35:33,532 WARN exited: php-worker_00 (exit status 255; not expected)
2024-03-13 14:35:35,537 INFO spawned: 'php-worker_00' with pid 9
2024-03-13 14:35:35,562 WARN exited: php-worker_00 (exit status 255; not expected)
2024-03-13 14:35:38,567 INFO spawned: 'php-worker_00' with pid 10
2024-03-13 14:35:38,591 WARN exited: php-worker_00 (exit status 255; not expected)
2024-03-13 14:35:39,593 INFO gave up: php-worker_00 entered FATAL state, too many start retries too quickly
2024-03-13 14:46:03,339 WARN received SIGQUIT indicating exit request
2024-03-13 14:46:55,773 CRIT Supervisor is running as root.  Privileges were not dropped because no user is specified in the config file.  If you intend to run as root, you can set user=root in the config file to avoid this message.
2024-03-13 14:46:55,773 INFO Included extra file "/etc/supervisor/conf.d/php-worker.conf" during parsing
2024-03-13 14:46:55,778 INFO RPC interface 'supervisor' initialized
2024-03-13 14:46:55,778 CRIT Server 'inet_http_server' running without any HTTP authentication checking
2024-03-13 14:46:55,780 INFO supervisord started with pid 1
2024-03-13 14:46:56,784 INFO spawned: 'php-worker_00' with pid 7
2024-03-13 14:46:58,141 INFO success: php-worker_00 entered RUNNING state, process has stayed up for > than 1 seconds (startsecs)
2024-03-13 14:51:21,200 WARN received SIGQUIT indicating exit request
2024-03-13 14:51:21,200 INFO waiting for php-worker_00 to die
2024-03-13 14:51:21,205 WARN stopped: php-worker_00 (terminated by SIGTERM)
2024-03-13 14:51:53,497 CRIT Supervisor is running as root.  Privileges were not dropped because no user is specified in the config file.  If you intend to run as root, you can set user=root in the config file to avoid this message.
2024-03-13 14:51:53,497 INFO Included extra file "/etc/supervisor/conf.d/php-worker.conf" during parsing
2024-03-13 14:51:53,502 INFO RPC interface 'supervisor' initialized
2024-03-13 14:51:53,503 CRIT Server 'inet_http_server' running without any HTTP authentication checking
2024-03-13 14:51:53,505 INFO supervisord started with pid 1
2024-03-13 14:51:54,509 INFO spawned: 'php-worker_00' with pid 7
2024-03-13 14:51:55,828 INFO success: php-worker_00 entered RUNNING state, process has stayed up for > than 1 seconds (startsecs)
2024-03-13 14:53:21,695 WARN received SIGQUIT indicating exit request
2024-03-13 14:53:21,695 INFO waiting for php-worker_00 to die
2024-03-13 14:53:21,698 WARN stopped: php-worker_00 (terminated by SIGTERM)
2024-03-13 14:53:51,622 CRIT Supervisor is running as root.  Privileges were not dropped because no user is specified in the config file.  If you intend to run as root, you can set user=root in the config file to avoid this message.
2024-03-13 14:53:51,622 WARN No file matches via include "/etc/supervisor/conf.d/*.conf"
2024-03-13 14:53:51,626 INFO RPC interface 'supervisor' initialized
2024-03-13 14:53:51,627 CRIT Server 'inet_http_server' running without any HTTP authentication checking
2024-03-13 14:53:51,628 INFO supervisord started with pid 1
2024-03-13 15:08:26,627 WARN received SIGQUIT indicating exit request
2024-03-13 15:10:37,549 CRIT Supervisor is running as root.  Privileges were not dropped because no user is specified in the config file.  If you intend to run as root, you can set user=root in the config file to avoid this message.
2024-03-13 15:10:37,550 WARN No file matches via include "/etc/supervisor/conf.d/*.conf"
2024-03-13 15:10:37,554 INFO RPC interface 'supervisor' initialized
2024-03-13 15:10:37,554 CRIT Server 'inet_http_server' running without any HTTP authentication checking
2024-03-13 15:10:37,557 INFO supervisord started with pid 1
2024-03-13 16:25:33,804 WARN received SIGQUIT indicating exit request
2024-03-13 16:26:33,421 CRIT Supervisor is running as root.  Privileges were not dropped because no user is specified in the config file.  If you intend to run as root, you can set user=root in the config file to avoid this message.
2024-03-13 16:26:33,421 WARN No file matches via include "/etc/supervisor/conf.d/*.conf"
2024-03-13 16:26:33,425 INFO RPC interface 'supervisor' initialized
2024-03-13 16:26:33,425 CRIT Server 'inet_http_server' running without any HTTP authentication checking
2024-03-13 16:26:33,428 INFO supervisord started with pid 1
2024-03-13 16:35:00,518 WARN received SIGQUIT indicating exit request
2024-03-17 00:02:31,709 CRIT Supervisor is running as root.  Privileges were not dropped because no user is specified in the config file.  If you intend to run as root, you can set user=root in the config file to avoid this message.
2024-03-17 00:02:31,711 INFO Included extra file "/etc/supervisor/conf.d/php-reciver.conf" during parsing
2024-03-17 00:02:31,718 INFO RPC interface 'supervisor' initialized
2024-03-17 00:02:31,719 CRIT Server 'inet_http_server' running without any HTTP authentication checking
2024-03-17 00:02:31,723 INFO supervisord started with pid 1
2024-03-17 00:02:32,730 INFO spawned: 'php-reciver_00' with pid 8
2024-03-17 00:02:33,736 INFO success: php-reciver_00 entered RUNNING state, process has stayed up for > than 1 seconds (startsecs)
2024-03-17 00:02:33,844 WARN exited: php-reciver_00 (exit status 255; not expected)
2024-03-17 00:02:34,850 INFO spawned: 'php-reciver_00' with pid 9
2024-03-17 00:02:35,486 WARN exited: php-reciver_00 (exit status 255; not expected)
2024-03-17 00:02:36,492 INFO spawned: 'php-reciver_00' with pid 10
2024-03-17 00:02:37,363 WARN exited: php-reciver_00 (exit status 255; not expected)
2024-03-17 00:02:39,368 INFO spawned: 'php-reciver_00' with pid 11
2024-03-17 00:02:40,121 WARN exited: php-reciver_00 (exit status 255; not expected)
2024-03-17 00:02:43,127 INFO spawned: 'php-reciver_00' with pid 12
2024-03-17 00:02:43,914 WARN exited: php-reciver_00 (exit status 255; not expected)
2024-03-17 00:02:44,915 INFO gave up: php-reciver_00 entered FATAL state, too many start retries too quickly
2024-03-17 00:07:52,341 WARN received SIGQUIT indicating exit request
2024-03-17 15:15:39,767 CRIT Supervisor is running as root.  Privileges were not dropped because no user is specified in the config file.  If you intend to run as root, you can set user=root in the config file to avoid this message.
2024-03-17 15:15:39,770 INFO Included extra file "/etc/supervisor/conf.d/php-reciver.conf" during parsing
2024-03-17 15:15:39,783 INFO RPC interface 'supervisor' initialized
2024-03-17 15:15:39,783 CRIT Server 'inet_http_server' running without any HTTP authentication checking
2024-03-17 15:15:39,788 INFO supervisord started with pid 1
2024-03-17 15:15:40,792 INFO spawned: 'php-reciver_00' with pid 7
2024-03-17 15:15:41,797 INFO success: php-reciver_00 entered RUNNING state, process has stayed up for > than 1 seconds (startsecs)
2024-03-17 15:15:43,256 WARN exited: php-reciver_00 (exit status 255; not expected)
2024-03-17 15:15:44,266 INFO spawned: 'php-reciver_00' with pid 8
2024-03-17 15:15:45,039 WARN exited: php-reciver_00 (exit status 255; not expected)
2024-03-17 15:15:46,045 INFO spawned: 'php-reciver_00' with pid 9
2024-03-17 15:15:46,842 WARN exited: php-reciver_00 (exit status 255; not expected)
2024-03-17 15:15:48,847 INFO spawned: 'php-reciver_00' with pid 10
2024-03-17 15:15:49,849 INFO success: php-reciver_00 entered RUNNING state, process has stayed up for > than 1 seconds (startsecs)
2024-03-17 15:15:49,857 WARN exited: php-reciver_00 (exit status 255; not expected)
2024-03-17 15:15:50,862 INFO spawned: 'php-reciver_00' with pid 11
2024-03-17 15:15:51,622 WARN exited: php-reciver_00 (exit status 255; not expected)
2024-03-17 15:15:52,629 INFO spawned: 'php-reciver_00' with pid 12
2024-03-17 15:15:53,633 INFO success: php-reciver_00 entered RUNNING state, process has stayed up for > than 1 seconds (startsecs)
2024-03-17 15:15:53,775 WARN exited: php-reciver_00 (exit status 255; not expected)
2024-03-17 15:15:54,780 INFO spawned: 'php-reciver_00' with pid 13
2024-03-17 15:15:55,781 INFO success: php-reciver_00 entered RUNNING state, process has stayed up for > than 1 seconds (startsecs)
2024-03-17 15:15:55,786 WARN exited: php-reciver_00 (exit status 255; not expected)
2024-03-17 15:15:56,791 INFO spawned: 'php-reciver_00' with pid 14
2024-03-17 15:15:57,793 INFO success: php-reciver_00 entered RUNNING state, process has stayed up for > than 1 seconds (startsecs)
2024-03-17 15:15:58,145 WARN exited: php-reciver_00 (exit status 255; not expected)
2024-03-17 15:15:59,151 INFO spawned: 'php-reciver_00' with pid 15
2024-03-17 15:16:00,154 INFO success: php-reciver_00 entered RUNNING state, process has stayed up for > than 1 seconds (startsecs)
2024-03-17 15:19:34,939 WARN received SIGQUIT indicating exit request
2024-03-17 15:19:34,944 INFO waiting for php-reciver_00 to die
2024-03-17 15:19:34,958 WARN stopped: php-reciver_00 (terminated by SIGTERM)
2024-03-17 15:21:06,428 CRIT Supervisor is running as root.  Privileges were not dropped because no user is specified in the config file.  If you intend to run as root, you can set user=root in the config file to avoid this message.
2024-03-17 15:21:06,429 INFO Included extra file "/etc/supervisor/conf.d/php-reciver.conf" during parsing
2024-03-17 15:21:06,435 INFO RPC interface 'supervisor' initialized
2024-03-17 15:21:06,435 CRIT Server 'inet_http_server' running without any HTTP authentication checking
2024-03-17 15:21:06,439 INFO supervisord started with pid 1
2024-03-17 15:21:07,442 INFO spawned: 'php-reciver_00' with pid 7
2024-03-17 15:21:08,095 WARN exited: php-reciver_00 (exit status 255; not expected)
2024-03-17 15:21:09,101 INFO spawned: 'php-reciver_00' with pid 8
2024-03-17 15:21:10,106 INFO success: php-reciver_00 entered RUNNING state, process has stayed up for > than 1 seconds (startsecs)
2024-03-17 15:21:10,770 WARN exited: php-reciver_00 (exit status 255; not expected)
2024-03-17 15:21:11,777 INFO spawned: 'php-reciver_00' with pid 9
2024-03-17 15:21:12,782 INFO success: php-reciver_00 entered RUNNING state, process has stayed up for > than 1 seconds (startsecs)
2024-03-17 15:21:12,950 WARN exited: php-reciver_00 (exit status 255; not expected)
2024-03-17 15:21:13,954 INFO spawned: 'php-reciver_00' with pid 10
2024-03-17 15:21:14,546 WARN exited: php-reciver_00 (exit status 255; not expected)
2024-03-17 15:21:15,551 INFO spawned: 'php-reciver_00' with pid 11
2024-03-17 15:21:16,475 WARN exited: php-reciver_00 (exit status 255; not expected)
2024-03-17 15:21:18,481 INFO spawned: 'php-reciver_00' with pid 12
2024-03-17 15:21:19,235 WARN exited: php-reciver_00 (exit status 255; not expected)
2024-03-17 15:21:22,242 INFO spawned: 'php-reciver_00' with pid 13
2024-03-17 15:21:23,195 WARN exited: php-reciver_00 (exit status 255; not expected)
2024-03-17 15:21:24,197 INFO gave up: php-reciver_00 entered FATAL state, too many start retries too quickly
2024-03-17 15:21:51,232 WARN received SIGQUIT indicating exit request
2024-03-17 15:22:48,983 CRIT Supervisor is running as root.  Privileges were not dropped because no user is specified in the config file.  If you intend to run as root, you can set user=root in the config file to avoid this message.
2024-03-17 15:22:48,984 INFO Included extra file "/etc/supervisor/conf.d/php-reciver.conf" during parsing
2024-03-17 15:22:48,990 INFO RPC interface 'supervisor' initialized
2024-03-17 15:22:48,990 CRIT Server 'inet_http_server' running without any HTTP authentication checking
2024-03-17 15:22:48,994 INFO supervisord started with pid 1
2024-03-17 15:22:49,998 INFO spawned: 'php-reciver_00' with pid 7
2024-03-17 15:22:51,001 INFO success: php-reciver_00 entered RUNNING state, process has stayed up for > than 1 seconds (startsecs)
2024-03-17 15:22:51,087 WARN exited: php-reciver_00 (exit status 255; not expected)
2024-03-17 15:22:52,095 INFO spawned: 'php-reciver_00' with pid 8
2024-03-17 15:22:53,099 INFO success: php-reciver_00 entered RUNNING state, process has stayed up for > than 1 seconds (startsecs)
2024-03-17 15:22:53,705 WARN exited: php-reciver_00 (exit status 255; not expected)
2024-03-17 15:22:54,711 INFO spawned: 'php-reciver_00' with pid 9
2024-03-17 15:22:55,715 INFO success: php-reciver_00 entered RUNNING state, process has stayed up for > than 1 seconds (startsecs)
2024-03-17 15:22:55,978 WARN exited: php-reciver_00 (exit status 255; not expected)
2024-03-17 15:22:56,986 INFO spawned: 'php-reciver_00' with pid 10
2024-03-17 15:22:57,990 INFO success: php-reciver_00 entered RUNNING state, process has stayed up for > than 1 seconds (startsecs)
2024-03-17 15:22:58,101 WARN exited: php-reciver_00 (exit status 255; not expected)
2024-03-17 15:22:59,105 INFO spawned: 'php-reciver_00' with pid 11
2024-03-17 15:22:59,931 WARN exited: php-reciver_00 (exit status 255; not expected)
2024-03-17 15:23:00,935 INFO spawned: 'php-reciver_00' with pid 12
2024-03-17 15:23:01,915 WARN exited: php-reciver_00 (exit status 255; not expected)
2024-03-17 15:23:03,923 INFO spawned: 'php-reciver_00' with pid 13
2024-03-17 15:23:04,927 INFO success: php-reciver_00 entered RUNNING state, process has stayed up for > than 1 seconds (startsecs)
2024-03-17 15:23:05,379 WARN exited: php-reciver_00 (exit status 255; not expected)
2024-03-17 15:23:06,387 INFO spawned: 'php-reciver_00' with pid 14
2024-03-17 15:23:07,312 WARN exited: php-reciver_00 (exit status 255; not expected)
2024-03-17 15:23:08,319 INFO spawned: 'php-reciver_00' with pid 15
2024-03-17 15:23:09,323 INFO success: php-reciver_00 entered RUNNING state, process has stayed up for > than 1 seconds (startsecs)
2024-03-17 15:23:09,568 WARN exited: php-reciver_00 (exit status 255; not expected)
2024-03-17 15:23:10,573 INFO spawned: 'php-reciver_00' with pid 16
2024-03-17 15:23:11,508 WARN exited: php-reciver_00 (exit status 255; not expected)
2024-03-17 15:23:12,515 INFO spawned: 'php-reciver_00' with pid 17
2024-03-17 15:23:13,520 INFO success: php-reciver_00 entered RUNNING state, process has stayed up for > than 1 seconds (startsecs)
2024-03-17 15:41:59,059 WARN received SIGQUIT indicating exit request
2024-03-17 15:41:59,064 INFO waiting for php-reciver_00 to die
2024-03-17 15:41:59,081 WARN stopped: php-reciver_00 (terminated by SIGTERM)
2024-03-17 15:42:00,795 CRIT Supervisor is running as root.  Privileges were not dropped because no user is specified in the config file.  If you intend to run as root, you can set user=root in the config file to avoid this message.
2024-03-17 15:42:00,796 INFO Included extra file "/etc/supervisor/conf.d/php-reciver.conf" during parsing
2024-03-17 15:42:00,813 INFO RPC interface 'supervisor' initialized
2024-03-17 15:42:00,814 CRIT Server 'inet_http_server' running without any HTTP authentication checking
2024-03-17 15:42:00,821 INFO supervisord started with pid 1
2024-03-17 15:42:01,826 INFO spawned: 'php-reciver_00' with pid 7
2024-03-17 15:42:02,831 INFO success: php-reciver_00 entered RUNNING state, process has stayed up for > than 1 seconds (startsecs)
2024-03-17 15:49:49,477 WARN received SIGQUIT indicating exit request
2024-03-17 15:49:49,479 INFO waiting for php-reciver_00 to die
2024-03-17 15:49:49,487 WARN stopped: php-reciver_00 (terminated by SIGTERM)
2024-03-17 15:51:06,957 CRIT Supervisor is running as root.  Privileges were not dropped because no user is specified in the config file.  If you intend to run as root, you can set user=root in the config file to avoid this message.
2024-03-17 15:51:06,958 INFO Included extra file "/etc/supervisor/conf.d/php-reciver.conf" during parsing
2024-03-17 15:51:06,966 INFO RPC interface 'supervisor' initialized
2024-03-17 15:51:06,966 CRIT Server 'inet_http_server' running without any HTTP authentication checking
2024-03-17 15:51:06,971 INFO supervisord started with pid 1
2024-03-17 15:51:07,978 INFO spawned: 'php-reciver_00' with pid 7
2024-03-17 15:51:08,984 INFO success: php-reciver_00 entered RUNNING state, process has stayed up for > than 1 seconds (startsecs)
2024-03-17 16:40:20,104 WARN received SIGQUIT indicating exit request
2024-03-17 16:40:20,108 INFO waiting for php-reciver_00 to die
2024-03-17 16:40:20,115 WARN stopped: php-reciver_00 (terminated by SIGTERM)
2024-03-17 16:42:17,896 CRIT Supervisor is running as root.  Privileges were not dropped because no user is specified in the config file.  If you intend to run as root, you can set user=root in the config file to avoid this message.
2024-03-17 16:42:17,897 INFO Included extra file "/etc/supervisor/conf.d/php-reciver.conf" during parsing
2024-03-17 16:42:17,908 INFO RPC interface 'supervisor' initialized
2024-03-17 16:42:17,909 CRIT Server 'inet_http_server' running without any HTTP authentication checking
2024-03-17 16:42:17,915 INFO supervisord started with pid 1
2024-03-17 16:42:18,922 INFO spawned: 'php-reciver_00' with pid 7
2024-03-17 16:42:19,929 INFO success: php-reciver_00 entered RUNNING state, process has stayed up for > than 1 seconds (startsecs)
2024-03-17 16:42:20,650 WARN exited: php-reciver_00 (exit status 255; not expected)
2024-03-17 16:42:21,658 INFO spawned: 'php-reciver_00' with pid 8
2024-03-17 16:42:22,662 INFO success: php-reciver_00 entered RUNNING state, process has stayed up for > than 1 seconds (startsecs)
2024-03-17 16:42:23,084 WARN exited: php-reciver_00 (exit status 255; not expected)
2024-03-17 16:42:24,090 INFO spawned: 'php-reciver_00' with pid 9
2024-03-17 16:42:25,092 INFO success: php-reciver_00 entered RUNNING state, process has stayed up for > than 1 seconds (startsecs)
2024-03-17 16:42:25,185 WARN exited: php-reciver_00 (exit status 255; not expected)
2024-03-17 16:42:26,192 INFO spawned: 'php-reciver_00' with pid 10
2024-03-17 16:42:26,998 WARN exited: php-reciver_00 (exit status 255; not expected)
2024-03-17 16:42:28,003 INFO spawned: 'php-reciver_00' with pid 11
2024-03-17 16:42:28,948 WARN exited: php-reciver_00 (exit status 255; not expected)
2024-03-17 16:42:30,958 INFO spawned: 'php-reciver_00' with pid 12
2024-03-17 16:42:31,963 INFO success: php-reciver_00 entered RUNNING state, process has stayed up for > than 1 seconds (startsecs)
2024-03-17 16:42:32,446 WARN exited: php-reciver_00 (exit status 255; not expected)
2024-03-17 16:42:33,451 INFO spawned: 'php-reciver_00' with pid 13
2024-03-17 16:42:34,336 WARN exited: php-reciver_00 (exit status 255; not expected)
2024-03-17 16:42:35,343 INFO spawned: 'php-reciver_00' with pid 14
2024-03-17 16:42:36,349 INFO success: php-reciver_00 entered RUNNING state, process has stayed up for > than 1 seconds (startsecs)
2024-03-17 16:42:36,571 WARN exited: php-reciver_00 (exit status 255; not expected)
2024-03-17 16:42:37,576 INFO spawned: 'php-reciver_00' with pid 15
2024-03-17 16:42:38,439 WARN exited: php-reciver_00 (exit status 255; not expected)
2024-03-17 16:42:39,444 INFO spawned: 'php-reciver_00' with pid 16
2024-03-17 16:42:40,447 INFO success: php-reciver_00 entered RUNNING state, process has stayed up for > than 1 seconds (startsecs)
2024-03-17 16:42:40,649 WARN exited: php-reciver_00 (exit status 255; not expected)
2024-03-17 16:42:41,656 INFO spawned: 'php-reciver_00' with pid 17
2024-03-17 16:42:42,660 INFO success: php-reciver_00 entered RUNNING state, process has stayed up for > than 1 seconds (startsecs)
2024-03-17 16:42:43,192 WARN exited: php-reciver_00 (exit status 255; not expected)
2024-03-17 16:42:44,198 INFO spawned: 'php-reciver_00' with pid 18
2024-03-17 16:42:45,201 INFO success: php-reciver_00 entered RUNNING state, process has stayed up for > than 1 seconds (startsecs)
2024-03-17 16:43:59,900 WARN received SIGQUIT indicating exit request
2024-03-17 16:43:59,902 INFO waiting for php-reciver_00 to die
2024-03-17 16:43:59,910 WARN stopped: php-reciver_00 (terminated by SIGTERM)
2024-03-17 16:44:01,499 CRIT Supervisor is running as root.  Privileges were not dropped because no user is specified in the config file.  If you intend to run as root, you can set user=root in the config file to avoid this message.
2024-03-17 16:44:01,500 INFO Included extra file "/etc/supervisor/conf.d/php-reciver.conf" during parsing
2024-03-17 16:44:01,512 INFO RPC interface 'supervisor' initialized
2024-03-17 16:44:01,514 CRIT Server 'inet_http_server' running without any HTTP authentication checking
2024-03-17 16:44:01,521 INFO supervisord started with pid 1
2024-03-17 16:44:02,524 INFO spawned: 'php-reciver_00' with pid 7
2024-03-17 16:44:03,529 INFO success: php-reciver_00 entered RUNNING state, process has stayed up for > than 1 seconds (startsecs)
2024-03-17 16:44:58,784 WARN received SIGQUIT indicating exit request
2024-03-17 16:44:58,787 INFO waiting for php-reciver_00 to die
2024-03-17 16:44:58,796 WARN stopped: php-reciver_00 (terminated by SIGTERM)
2024-03-17 21:04:59,912 CRIT Supervisor is running as root.  Privileges were not dropped because no user is specified in the config file.  If you intend to run as root, you can set user=root in the config file to avoid this message.
2024-03-17 21:04:59,912 INFO Included extra file "/etc/supervisor/conf.d/php-reciver.conf" during parsing
2024-03-17 21:04:59,912 INFO Included extra file "/etc/supervisor/conf.d/php-worker.conf" during parsing
2024-03-17 21:04:59,918 INFO RPC interface 'supervisor' initialized
2024-03-17 21:04:59,918 CRIT Server 'inet_http_server' running without any HTTP authentication checking
2024-03-17 21:04:59,920 INFO supervisord started with pid 1
2024-03-17 21:05:00,933 INFO spawned: 'php-reciver_00' with pid 7
2024-03-17 21:05:00,938 INFO spawned: 'php-worker_00' with pid 8
2024-03-17 21:05:01,039 WARN exited: php-reciver_00 (exit status 255; not expected)
2024-03-17 21:05:01,064 WARN exited: php-worker_00 (exit status 255; not expected)
2024-03-17 21:05:02,075 INFO spawned: 'php-reciver_00' with pid 9
2024-03-17 21:05:02,079 INFO spawned: 'php-worker_00' with pid 10
2024-03-17 21:05:02,115 WARN exited: php-reciver_00 (exit status 255; not expected)
2024-03-17 21:05:02,118 WARN exited: php-worker_00 (exit status 255; not expected)
2024-03-17 21:05:04,125 INFO spawned: 'php-reciver_00' with pid 11
2024-03-17 21:05:04,129 INFO spawned: 'php-worker_00' with pid 12
2024-03-17 21:05:04,173 WARN exited: php-reciver_00 (exit status 255; not expected)
2024-03-17 21:05:04,177 WARN exited: php-worker_00 (exit status 255; not expected)
2024-03-17 21:05:07,190 INFO spawned: 'php-reciver_00' with pid 13
2024-03-17 21:05:07,194 INFO spawned: 'php-worker_00' with pid 14
2024-03-17 21:05:07,234 WARN exited: php-reciver_00 (exit status 255; not expected)
2024-03-17 21:05:07,238 INFO gave up: php-reciver_00 entered FATAL state, too many start retries too quickly
2024-03-17 21:05:07,241 WARN exited: php-worker_00 (exit status 255; not expected)
2024-03-17 21:05:08,244 INFO gave up: php-worker_00 entered FATAL state, too many start retries too quickly
2024-03-17 21:05:44,357 WARN received SIGQUIT indicating exit request
2024-03-17 21:05:44,792 CRIT Supervisor is running as root.  Privileges were not dropped because no user is specified in the config file.  If you intend to run as root, you can set user=root in the config file to avoid this message.
2024-03-17 21:05:44,793 INFO Included extra file "/etc/supervisor/conf.d/php-reciver.conf" during parsing
2024-03-17 21:05:44,793 INFO Included extra file "/etc/supervisor/conf.d/php-worker.conf" during parsing
2024-03-17 21:05:44,797 INFO RPC interface 'supervisor' initialized
2024-03-17 21:05:44,797 CRIT Server 'inet_http_server' running without any HTTP authentication checking
2024-03-17 21:05:44,798 INFO supervisord started with pid 1
2024-03-17 21:05:45,805 INFO spawned: 'php-reciver_00' with pid 7
2024-03-17 21:05:45,809 INFO spawned: 'php-worker_00' with pid 8
2024-03-17 21:05:45,846 WARN exited: php-reciver_00 (exit status 255; not expected)
2024-03-17 21:05:45,854 WARN exited: php-worker_00 (exit status 255; not expected)
2024-03-17 21:05:46,860 INFO spawned: 'php-reciver_00' with pid 9
2024-03-17 21:05:46,863 INFO spawned: 'php-worker_00' with pid 10
2024-03-17 21:05:46,889 WARN exited: php-reciver_00 (exit status 255; not expected)
2024-03-17 21:05:46,891 WARN exited: php-worker_00 (exit status 255; not expected)
2024-03-17 21:05:48,896 INFO spawned: 'php-reciver_00' with pid 11
2024-03-17 21:05:48,899 INFO spawned: 'php-worker_00' with pid 12
2024-03-17 21:05:48,925 WARN exited: php-reciver_00 (exit status 255; not expected)
2024-03-17 21:05:48,927 WARN exited: php-worker_00 (exit status 255; not expected)
2024-03-17 21:05:51,940 INFO spawned: 'php-reciver_00' with pid 13
2024-03-17 21:05:51,943 INFO spawned: 'php-worker_00' with pid 14
2024-03-17 21:05:51,943 WARN received SIGQUIT indicating exit request
2024-03-17 21:05:51,944 INFO waiting for php-reciver_00, php-worker_00 to die
2024-03-17 21:05:51,963 WARN exited: php-reciver_00 (exit status 255; not expected)
2024-03-17 21:05:51,965 INFO gave up: php-reciver_00 entered FATAL state, too many start retries too quickly
2024-03-17 21:05:51,965 WARN stopped: php-worker_00 (exit status 255)
2024-03-17 21:56:25,874 CRIT Supervisor is running as root.  Privileges were not dropped because no user is specified in the config file.  If you intend to run as root, you can set user=root in the config file to avoid this message.
2024-03-17 21:56:25,874 INFO Included extra file "/etc/supervisor/conf.d/php-reciver.conf" during parsing
2024-03-17 21:56:25,875 INFO Included extra file "/etc/supervisor/conf.d/php-worker.conf" during parsing
2024-03-17 21:56:25,881 INFO RPC interface 'supervisor' initialized
2024-03-17 21:56:25,881 CRIT Server 'inet_http_server' running without any HTTP authentication checking
2024-03-17 21:56:25,883 INFO supervisord started with pid 1
2024-03-17 21:56:26,888 INFO spawned: 'php-reciver_00' with pid 7
2024-03-17 21:56:26,891 INFO spawned: 'php-worker_00' with pid 8
2024-03-17 21:56:27,960 INFO success: php-reciver_00 entered RUNNING state, process has stayed up for > than 1 seconds (startsecs)
2024-03-17 21:56:27,962 INFO success: php-worker_00 entered RUNNING state, process has stayed up for > than 1 seconds (startsecs)
